[2019-10-01 22:20:00,957] DEBUG preRegister called. Server=com.sun.jmx.mbeanserver.JmxMBeanServer@e6ea0c6, name=log4j:logger=kafka.controller (kafka.controller)
[2019-10-01 22:23:13,416] INFO [ControllerEventThread controllerId=0] Starting (kafka.controller.ControllerEventManager$ControllerEventThread)
[2019-10-01 22:23:13,435] INFO [Controller id=0] 0 successfully elected as the controller. Epoch incremented to 2 and epoch zk version is now 2 (kafka.controller.KafkaController)
[2019-10-01 22:23:13,436] INFO [Controller id=0] Registering handlers (kafka.controller.KafkaController)
[2019-10-01 22:23:13,439] INFO [Controller id=0] Deleting log dir event notifications (kafka.controller.KafkaController)
[2019-10-01 22:23:13,441] INFO [Controller id=0] Deleting isr change notifications (kafka.controller.KafkaController)
[2019-10-01 22:23:13,443] INFO [Controller id=0] Initializing controller context (kafka.controller.KafkaController)
[2019-10-01 22:23:13,451] INFO [Controller id=0] Initialized broker epochs cache: Map(0 -> 44) (kafka.controller.KafkaController)
[2019-10-01 22:23:13,459] DEBUG [Controller id=0] Register BrokerModifications handler for Set(0) (kafka.controller.KafkaController)
[2019-10-01 22:23:13,463] DEBUG [Channel manager on controller 0]: Controller 0 trying to connect to broker 0 (kafka.controller.ControllerChannelManager)
[2019-10-01 22:23:13,474] INFO [RequestSendThread controllerId=0] Starting (kafka.controller.RequestSendThread)
[2019-10-01 22:23:13,475] INFO [Controller id=0] Partitions being reassigned: Map() (kafka.controller.KafkaController)
[2019-10-01 22:23:13,476] INFO [Controller id=0] Currently active brokers in the cluster: Set(0) (kafka.controller.KafkaController)
[2019-10-01 22:23:13,476] INFO [Controller id=0] Currently shutting brokers in the cluster: Set() (kafka.controller.KafkaController)
[2019-10-01 22:23:13,476] INFO [Controller id=0] Current list of topics in the cluster: Set() (kafka.controller.KafkaController)
[2019-10-01 22:23:13,476] INFO [Controller id=0] Fetching topic deletions in progress (kafka.controller.KafkaController)
[2019-10-01 22:23:13,479] INFO [Controller id=0] List of topics to be deleted:  (kafka.controller.KafkaController)
[2019-10-01 22:23:13,479] INFO [Controller id=0] List of topics ineligible for deletion:  (kafka.controller.KafkaController)
[2019-10-01 22:23:13,480] INFO [Controller id=0] Initializing topic deletion manager (kafka.controller.KafkaController)
[2019-10-01 22:23:13,480] INFO [Topic Deletion Manager 0] Initializing manager with initial deletions: Set(), initial ineligible deletions: Set() (kafka.controller.TopicDeletionManager)
[2019-10-01 22:23:13,480] INFO [Controller id=0] Sending update metadata request (kafka.controller.KafkaController)
[2019-10-01 22:23:13,491] INFO [ReplicaStateMachine controllerId=0] Initializing replica state (kafka.controller.ZkReplicaStateMachine)
[2019-10-01 22:23:13,491] INFO [ReplicaStateMachine controllerId=0] Triggering online replica state changes (kafka.controller.ZkReplicaStateMachine)
[2019-10-01 22:23:13,495] INFO [ReplicaStateMachine controllerId=0] Triggering offline replica state changes (kafka.controller.ZkReplicaStateMachine)
[2019-10-01 22:23:13,495] DEBUG [ReplicaStateMachine controllerId=0] Started replica state machine with initial state -> Map() (kafka.controller.ZkReplicaStateMachine)
[2019-10-01 22:23:13,495] INFO [PartitionStateMachine controllerId=0] Initializing partition state (kafka.controller.ZkPartitionStateMachine)
[2019-10-01 22:23:13,496] INFO [PartitionStateMachine controllerId=0] Triggering online partition state changes (kafka.controller.ZkPartitionStateMachine)
[2019-10-01 22:23:13,496] INFO [RequestSendThread controllerId=0] Controller 0 connected to 192.168.7.46:9092 (id: 0 rack: null) for sending state change requests (kafka.controller.RequestSendThread)
[2019-10-01 22:23:13,498] DEBUG [PartitionStateMachine controllerId=0] Started partition state machine with initial state -> Map() (kafka.controller.ZkPartitionStateMachine)
[2019-10-01 22:23:13,498] INFO [Controller id=0] Ready to serve as the new controller with epoch 2 (kafka.controller.KafkaController)
[2019-10-01 22:23:13,499] INFO [Controller id=0] Removing partitions Set() from the list of reassigned partitions in zookeeper (kafka.controller.KafkaController)
[2019-10-01 22:23:13,500] INFO [Controller id=0] No more partitions need to be reassigned. Deleting zk path /admin/reassign_partitions (kafka.controller.KafkaController)
[2019-10-01 22:23:13,502] INFO [Controller id=0] Partitions undergoing preferred replica election:  (kafka.controller.KafkaController)
[2019-10-01 22:23:13,503] INFO [Controller id=0] Partitions that completed preferred replica election:  (kafka.controller.KafkaController)
[2019-10-01 22:23:13,503] INFO [Controller id=0] Skipping preferred replica election for partitions due to topic deletion:  (kafka.controller.KafkaController)
[2019-10-01 22:23:13,503] INFO [Controller id=0] Resuming preferred replica election for partitions:  (kafka.controller.KafkaController)
[2019-10-01 22:23:13,504] INFO [Controller id=0] Starting preferred replica leader election for partitions  (kafka.controller.KafkaController)
[2019-10-01 22:23:13,517] INFO [Controller id=0] Starting the controller scheduler (kafka.controller.KafkaController)
[2019-10-01 22:23:18,518] INFO [Controller id=0] Processing automatic preferred replica leader election (kafka.controller.KafkaController)
[2019-10-01 22:23:18,519] TRACE [Controller id=0] Checking need to trigger auto leader balancing (kafka.controller.KafkaController)
[2019-10-01 22:23:18,520] DEBUG [Controller id=0] Preferred replicas by broker Map() (kafka.controller.KafkaController)
[2019-10-01 22:26:34,339] DEBUG preRegister called. Server=com.sun.jmx.mbeanserver.JmxMBeanServer@e6ea0c6, name=log4j:logger=kafka.controller (kafka.controller)
[2019-10-01 22:26:35,184] INFO [Controller id=0] Shutting down broker 0 (kafka.controller.KafkaController)
[2019-10-01 22:26:35,184] DEBUG [Controller id=0] All shutting down brokers: 0 (kafka.controller.KafkaController)
[2019-10-01 22:26:35,185] DEBUG [Controller id=0] Live brokers:  (kafka.controller.KafkaController)
[2019-10-01 22:26:35,188] TRACE [Controller id=0] All leaders =  (kafka.controller.KafkaController)
[2019-10-01 22:26:36,145] INFO [ControllerEventThread controllerId=0] Shutting down (kafka.controller.ControllerEventManager$ControllerEventThread)
[2019-10-01 22:26:36,146] INFO [ControllerEventThread controllerId=0] Shutdown completed (kafka.controller.ControllerEventManager$ControllerEventThread)
[2019-10-01 22:26:36,146] INFO [ControllerEventThread controllerId=0] Stopped (kafka.controller.ControllerEventManager$ControllerEventThread)
[2019-10-01 22:26:36,146] DEBUG [Controller id=0] Resigning (kafka.controller.KafkaController)
[2019-10-01 22:26:36,147] DEBUG [Controller id=0] Unregister BrokerModifications handler for Set(0) (kafka.controller.KafkaController)
[2019-10-01 22:26:36,148] INFO [PartitionStateMachine controllerId=0] Stopped partition state machine (kafka.controller.ZkPartitionStateMachine)
[2019-10-01 22:26:36,148] INFO [ReplicaStateMachine controllerId=0] Stopped replica state machine (kafka.controller.ZkReplicaStateMachine)
[2019-10-01 22:26:36,149] INFO [RequestSendThread controllerId=0] Shutting down (kafka.controller.RequestSendThread)
[2019-10-01 22:26:36,149] INFO [RequestSendThread controllerId=0] Shutdown completed (kafka.controller.RequestSendThread)
[2019-10-01 22:26:36,149] INFO [RequestSendThread controllerId=0] Stopped (kafka.controller.RequestSendThread)
[2019-10-01 22:26:36,151] INFO [Controller id=0] Resigned (kafka.controller.KafkaController)
[2019-10-01 22:26:53,224] INFO [ControllerEventThread controllerId=0] Starting (kafka.controller.ControllerEventManager$ControllerEventThread)
[2019-10-01 22:26:53,245] INFO [Controller id=0] 0 successfully elected as the controller. Epoch incremented to 3 and epoch zk version is now 3 (kafka.controller.KafkaController)
[2019-10-01 22:26:53,246] INFO [Controller id=0] Registering handlers (kafka.controller.KafkaController)
[2019-10-01 22:26:53,248] INFO [Controller id=0] Deleting log dir event notifications (kafka.controller.KafkaController)
[2019-10-01 22:26:53,251] INFO [Controller id=0] Deleting isr change notifications (kafka.controller.KafkaController)
[2019-10-01 22:26:53,253] INFO [Controller id=0] Initializing controller context (kafka.controller.KafkaController)
[2019-10-01 22:26:53,262] INFO [Controller id=0] Initialized broker epochs cache: Map(0 -> 63) (kafka.controller.KafkaController)
[2019-10-01 22:26:53,270] DEBUG [Controller id=0] Register BrokerModifications handler for Set(0) (kafka.controller.KafkaController)
[2019-10-01 22:26:53,274] DEBUG [Channel manager on controller 0]: Controller 0 trying to connect to broker 0 (kafka.controller.ControllerChannelManager)
[2019-10-01 22:26:53,286] INFO [RequestSendThread controllerId=0] Starting (kafka.controller.RequestSendThread)
[2019-10-01 22:26:53,287] INFO [Controller id=0] Partitions being reassigned: Map() (kafka.controller.KafkaController)
[2019-10-01 22:26:53,288] INFO [Controller id=0] Currently active brokers in the cluster: Set(0) (kafka.controller.KafkaController)
[2019-10-01 22:26:53,288] INFO [Controller id=0] Currently shutting brokers in the cluster: Set() (kafka.controller.KafkaController)
[2019-10-01 22:26:53,288] INFO [Controller id=0] Current list of topics in the cluster: Set() (kafka.controller.KafkaController)
[2019-10-01 22:26:53,289] INFO [Controller id=0] Fetching topic deletions in progress (kafka.controller.KafkaController)
[2019-10-01 22:26:53,291] INFO [Controller id=0] List of topics to be deleted:  (kafka.controller.KafkaController)
[2019-10-01 22:26:53,292] INFO [Controller id=0] List of topics ineligible for deletion:  (kafka.controller.KafkaController)
[2019-10-01 22:26:53,292] INFO [Controller id=0] Initializing topic deletion manager (kafka.controller.KafkaController)
[2019-10-01 22:26:53,292] INFO [Topic Deletion Manager 0] Initializing manager with initial deletions: Set(), initial ineligible deletions: Set() (kafka.controller.TopicDeletionManager)
[2019-10-01 22:26:53,292] INFO [Controller id=0] Sending update metadata request (kafka.controller.KafkaController)
[2019-10-01 22:26:53,303] INFO [ReplicaStateMachine controllerId=0] Initializing replica state (kafka.controller.ZkReplicaStateMachine)
[2019-10-01 22:26:53,303] INFO [ReplicaStateMachine controllerId=0] Triggering online replica state changes (kafka.controller.ZkReplicaStateMachine)
[2019-10-01 22:26:53,307] INFO [ReplicaStateMachine controllerId=0] Triggering offline replica state changes (kafka.controller.ZkReplicaStateMachine)
[2019-10-01 22:26:53,307] DEBUG [ReplicaStateMachine controllerId=0] Started replica state machine with initial state -> Map() (kafka.controller.ZkReplicaStateMachine)
[2019-10-01 22:26:53,308] INFO [PartitionStateMachine controllerId=0] Initializing partition state (kafka.controller.ZkPartitionStateMachine)
[2019-10-01 22:26:53,309] INFO [PartitionStateMachine controllerId=0] Triggering online partition state changes (kafka.controller.ZkPartitionStateMachine)
[2019-10-01 22:26:53,310] INFO [RequestSendThread controllerId=0] Controller 0 connected to 192.168.7.46:9092 (id: 0 rack: null) for sending state change requests (kafka.controller.RequestSendThread)
[2019-10-01 22:26:53,312] DEBUG [PartitionStateMachine controllerId=0] Started partition state machine with initial state -> Map() (kafka.controller.ZkPartitionStateMachine)
[2019-10-01 22:26:53,312] INFO [Controller id=0] Ready to serve as the new controller with epoch 3 (kafka.controller.KafkaController)
[2019-10-01 22:26:53,313] INFO [Controller id=0] Removing partitions Set() from the list of reassigned partitions in zookeeper (kafka.controller.KafkaController)
[2019-10-01 22:26:53,313] INFO [Controller id=0] No more partitions need to be reassigned. Deleting zk path /admin/reassign_partitions (kafka.controller.KafkaController)
[2019-10-01 22:26:53,317] INFO [Controller id=0] Partitions undergoing preferred replica election:  (kafka.controller.KafkaController)
[2019-10-01 22:26:53,317] INFO [Controller id=0] Partitions that completed preferred replica election:  (kafka.controller.KafkaController)
[2019-10-01 22:26:53,317] INFO [Controller id=0] Skipping preferred replica election for partitions due to topic deletion:  (kafka.controller.KafkaController)
[2019-10-01 22:26:53,317] INFO [Controller id=0] Resuming preferred replica election for partitions:  (kafka.controller.KafkaController)
[2019-10-01 22:26:53,318] INFO [Controller id=0] Starting preferred replica leader election for partitions  (kafka.controller.KafkaController)
[2019-10-01 22:26:53,333] INFO [Controller id=0] Starting the controller scheduler (kafka.controller.KafkaController)
[2019-10-01 22:26:58,335] INFO [Controller id=0] Processing automatic preferred replica leader election (kafka.controller.KafkaController)
[2019-10-01 22:26:58,336] TRACE [Controller id=0] Checking need to trigger auto leader balancing (kafka.controller.KafkaController)
[2019-10-01 22:26:58,337] DEBUG [Controller id=0] Preferred replicas by broker Map() (kafka.controller.KafkaController)
[2019-10-01 22:27:10,879] INFO [Controller id=0] Shutting down broker 0 (kafka.controller.KafkaController)
[2019-10-01 22:27:10,879] DEBUG [Controller id=0] All shutting down brokers: 0 (kafka.controller.KafkaController)
[2019-10-01 22:27:10,880] DEBUG [Controller id=0] Live brokers:  (kafka.controller.KafkaController)
[2019-10-01 22:27:10,882] TRACE [Controller id=0] All leaders =  (kafka.controller.KafkaController)
[2019-10-01 22:27:11,764] INFO [ControllerEventThread controllerId=0] Shutting down (kafka.controller.ControllerEventManager$ControllerEventThread)
[2019-10-01 22:27:11,765] INFO [ControllerEventThread controllerId=0] Stopped (kafka.controller.ControllerEventManager$ControllerEventThread)
[2019-10-01 22:27:11,765] INFO [ControllerEventThread controllerId=0] Shutdown completed (kafka.controller.ControllerEventManager$ControllerEventThread)
[2019-10-01 22:27:11,765] DEBUG [Controller id=0] Resigning (kafka.controller.KafkaController)
[2019-10-01 22:27:11,766] DEBUG [Controller id=0] Unregister BrokerModifications handler for Set(0) (kafka.controller.KafkaController)
[2019-10-01 22:27:11,767] INFO [PartitionStateMachine controllerId=0] Stopped partition state machine (kafka.controller.ZkPartitionStateMachine)
[2019-10-01 22:27:11,767] INFO [ReplicaStateMachine controllerId=0] Stopped replica state machine (kafka.controller.ZkReplicaStateMachine)
[2019-10-01 22:27:11,768] INFO [RequestSendThread controllerId=0] Shutting down (kafka.controller.RequestSendThread)
[2019-10-01 22:27:11,768] INFO [RequestSendThread controllerId=0] Stopped (kafka.controller.RequestSendThread)
[2019-10-01 22:27:11,768] INFO [RequestSendThread controllerId=0] Shutdown completed (kafka.controller.RequestSendThread)
[2019-10-01 22:27:11,770] INFO [Controller id=0] Resigned (kafka.controller.KafkaController)
