[2019-10-02 21:49:35,391] INFO Starting the log cleaner (kafka.log.LogCleaner)
[2019-10-02 21:49:35,469] INFO [kafka-log-cleaner-thread-0]: Starting (kafka.log.LogCleaner)
[2019-10-02 21:51:52,359] INFO Shutting down the log cleaner. (kafka.log.LogCleaner)
[2019-10-02 21:51:52,359] INFO [kafka-log-cleaner-thread-0]: Shutting down (kafka.log.LogCleaner)
[2019-10-02 21:51:52,359] INFO [kafka-log-cleaner-thread-0]: Stopped (kafka.log.LogCleaner)
[2019-10-02 21:51:52,359] INFO [kafka-log-cleaner-thread-0]: Shutdown completed (kafka.log.LogCleaner)
[2019-10-02 21:51:59,851] INFO Starting the log cleaner (kafka.log.LogCleaner)
[2019-10-02 21:51:59,927] INFO [kafka-log-cleaner-thread-0]: Starting (kafka.log.LogCleaner)
[2019-10-02 21:52:00,741] INFO Starting the log cleaner (kafka.log.LogCleaner)
[2019-10-02 21:52:00,811] INFO [kafka-log-cleaner-thread-0]: Starting (kafka.log.LogCleaner)
[2019-10-02 21:52:01,014] INFO Shutting down the log cleaner. (kafka.log.LogCleaner)
[2019-10-02 21:52:01,014] INFO [kafka-log-cleaner-thread-0]: Shutting down (kafka.log.LogCleaner)
[2019-10-02 21:52:01,015] INFO [kafka-log-cleaner-thread-0]: Stopped (kafka.log.LogCleaner)
[2019-10-02 21:52:01,015] INFO [kafka-log-cleaner-thread-0]: Shutdown completed (kafka.log.LogCleaner)
[2019-10-02 21:52:01,485] INFO Starting the log cleaner (kafka.log.LogCleaner)
[2019-10-02 21:52:01,554] INFO [kafka-log-cleaner-thread-0]: Starting (kafka.log.LogCleaner)
[2019-10-02 21:52:01,755] INFO Shutting down the log cleaner. (kafka.log.LogCleaner)
[2019-10-02 21:52:01,756] INFO [kafka-log-cleaner-thread-0]: Shutting down (kafka.log.LogCleaner)
[2019-10-02 21:52:01,756] INFO [kafka-log-cleaner-thread-0]: Stopped (kafka.log.LogCleaner)
[2019-10-02 21:52:01,756] INFO [kafka-log-cleaner-thread-0]: Shutdown completed (kafka.log.LogCleaner)
[2019-10-02 21:54:18,827] INFO Shutting down the log cleaner. (kafka.log.LogCleaner)
[2019-10-02 21:54:18,828] INFO [kafka-log-cleaner-thread-0]: Shutting down (kafka.log.LogCleaner)
[2019-10-02 21:54:18,828] INFO [kafka-log-cleaner-thread-0]: Stopped (kafka.log.LogCleaner)
[2019-10-02 21:54:18,828] INFO [kafka-log-cleaner-thread-0]: Shutdown completed (kafka.log.LogCleaner)
[2019-10-02 21:54:25,302] INFO Starting the log cleaner (kafka.log.LogCleaner)
[2019-10-02 21:54:25,379] INFO [kafka-log-cleaner-thread-0]: Starting (kafka.log.LogCleaner)
[2019-10-02 21:54:26,181] INFO Starting the log cleaner (kafka.log.LogCleaner)
[2019-10-02 21:54:26,249] INFO [kafka-log-cleaner-thread-0]: Starting (kafka.log.LogCleaner)
[2019-10-02 21:54:26,960] INFO Starting the log cleaner (kafka.log.LogCleaner)
[2019-10-02 21:54:27,027] INFO [kafka-log-cleaner-thread-0]: Starting (kafka.log.LogCleaner)
[2019-10-02 21:54:42,343] INFO Shutting down the log cleaner. (kafka.log.LogCleaner)
[2019-10-02 21:54:42,343] INFO [kafka-log-cleaner-thread-0]: Shutting down (kafka.log.LogCleaner)
[2019-10-02 21:54:42,344] INFO [kafka-log-cleaner-thread-0]: Stopped (kafka.log.LogCleaner)
[2019-10-02 21:54:42,344] INFO [kafka-log-cleaner-thread-0]: Shutdown completed (kafka.log.LogCleaner)
[2019-10-02 21:54:44,164] INFO Shutting down the log cleaner. (kafka.log.LogCleaner)
[2019-10-02 21:54:44,164] INFO [kafka-log-cleaner-thread-0]: Shutting down (kafka.log.LogCleaner)
[2019-10-02 21:54:44,165] INFO [kafka-log-cleaner-thread-0]: Stopped (kafka.log.LogCleaner)
[2019-10-02 21:54:44,165] INFO [kafka-log-cleaner-thread-0]: Shutdown completed (kafka.log.LogCleaner)
[2019-10-02 21:54:46,589] INFO Shutting down the log cleaner. (kafka.log.LogCleaner)
[2019-10-02 21:54:46,589] INFO [kafka-log-cleaner-thread-0]: Shutting down (kafka.log.LogCleaner)
[2019-10-02 21:54:46,589] INFO [kafka-log-cleaner-thread-0]: Stopped (kafka.log.LogCleaner)
[2019-10-02 21:54:46,589] INFO [kafka-log-cleaner-thread-0]: Shutdown completed (kafka.log.LogCleaner)
